<?xml version="1.0" encoding="UTF-8"?>
<!-- Generated by org.testng.reporters.JUnitReportReporter -->
<testsuite hostname="adem.local" name="com.qa.hubspot.test.HomePageTest" tests="3" failures="0" timestamp="3 Aug 2020 20:26:28 GMT" time="0.070" errors="0">
  <testcase name="verifyHomePageTitle" time="0.014" classname="com.qa.hubspot.test.HomePageTest"/>
  <testcase name="verifyLoggedInUserTest" time="0.030" classname="com.qa.hubspot.test.HomePageTest"/>
  <testcase name="verifyHomePageHeaderTest" time="0.026" classname="com.qa.hubspot.test.HomePageTest"/>
</testsuite> <!-- com.qa.hubspot.test.HomePageTest -->
