<?xml version="1.0" encoding="UTF-8"?>
<!-- Generated by org.testng.reporters.JUnitReportReporter -->
<testsuite hostname="adem.local" name="com.qa.hubspot.test.LoginPageTest" tests="3" failures="0" timestamp="3 Aug 2020 20:26:28 GMT" time="7.857" errors="0">
  <testcase name="verifySignUpLink" time="0.104" classname="com.qa.hubspot.test.LoginPageTest"/>
  <testcase name="verifyPageTitleTest" time="5.104" classname="com.qa.hubspot.test.LoginPageTest"/>
  <testcase name="loginTest" time="2.649" classname="com.qa.hubspot.test.LoginPageTest"/>
</testsuite> <!-- com.qa.hubspot.test.LoginPageTest -->
